#
# There is insufficient memory for the Java Runtime Environment to continue.
# Native memory allocation (malloc) failed to allocate 1029536 bytes for Chunk::new
# Possible reasons:
#   The system is out of physical RAM or swap space
#   In 32 bit mode, the process size limit was hit
# Possible solutions:
#   Reduce memory load on the system
#   Increase physical memory or swap space
#   Check if swap backing store is full
#   Use 64 bit Java on a 64 bit OS
#   Decrease Java heap size (-Xmx/-Xms)
#   Decrease number of Java threads
#   Decrease Java thread stack sizes (-Xss)
#   Set larger code cache with -XX:ReservedCodeCacheSize=
# This output file may be truncated or incomplete.
#
#  Out of Memory Error (allocation.cpp:390), pid=78408, tid=0x000000000000ead8
#
# JRE version: Java(TM) SE Runtime Environment (8.0_171-b11) (build 1.8.0_171-b11)
# Java VM: Java HotSpot(TM) 64-Bit Server VM (25.171-b11 mixed mode windows-amd64 compressed oops)
# Failed to write core dump. Minidumps are not enabled by default on client versions of Windows
#

---------------  T H R E A D  ---------------

Current thread (0x000000001e07c000):  JavaThread "C2 CompilerThread1" daemon [_thread_in_native, id=60120, stack(0x000000001e720000,0x000000001e820000)]

Stack: [0x000000001e720000,0x000000001e820000]
[error occurred during error reporting (printing stack bounds), id 0xc0000005]

Native frames: (J=compiled Java code, j=interpreted, Vv=VM code, C=native code)


Current CompileTask:
C2:   2205 2588   !   4       java.net.URLClassLoader$1::run (63 bytes)


---------------  P R O C E S S  ---------------

Java Threads: ( => current thread )
  0x000000001e073000 JavaThread "Service Thread" daemon [_thread_blocked, id=87440, stack(0x000000001e920000,0x000000001ea20000)]
  0x000000001e081000 JavaThread "C1 CompilerThread2" daemon [_thread_blocked, id=8116, stack(0x000000001e820000,0x000000001e920000)]
=>0x000000001e07c000 JavaThread "C2 CompilerThread1" daemon [_thread_in_native, id=60120, stack(0x000000001e720000,0x000000001e820000)]
  0x000000001e072000 JavaThread "C2 CompilerThread0" daemon [_thread_in_native, id=4696, stack(0x000000001e620000,0x000000001e720000)]
  0x000000001dd85000 JavaThread "JDWP Command Reader" daemon [_thread_in_native, id=61360, stack(0x000000001e520000,0x000000001e620000)]
  0x000000001dd84000 JavaThread "JDWP Event Helper Thread" daemon [_thread_blocked, id=58792, stack(0x000000001e420000,0x000000001e520000)]
  0x000000001dd7a000 JavaThread "JDWP Transport Listener: dt_socket" daemon [_thread_blocked, id=71604, stack(0x000000001e320000,0x000000001e420000)]
  0x000000001dd76000 JavaThread "Attach Listener" daemon [_thread_blocked, id=9672, stack(0x000000001e220000,0x000000001e320000)]
  0x000000001dd2b800 JavaThread "Signal Dispatcher" daemon [_thread_blocked, id=9664, stack(0x000000001e120000,0x000000001e220000)]
  0x000000001c392000 JavaThread "Finalizer" daemon [_thread_blocked, id=34264, stack(0x000000001dc20000,0x000000001dd20000)]
  0x0000000002bdb000 JavaThread "Reference Handler" daemon [_thread_blocked, id=59232, stack(0x000000001db20000,0x000000001dc20000)]
  0x0000000002ae5000 JavaThread "main" [_thread_in_Java, id=65560, stack(0x00000000023a0000,0x00000000024a0000)]

Other Threads:
  0x000000001c368000 VMThread [stack: 0x000000001da20000,0x000000001db20000] [id=63944]
  0x000000001ea98000 WatcherThread [stack: 0x000000001f220000,0x000000001f320000] [id=69196]

VM state:not at safepoint (normal execution)

VM Mutex/Monitor currently owned by a thread: None

Heap:
 PSYoungGen      total 75776K, used 30570K [0x000000076b600000, 0x0000000770a80000, 0x00000007c0000000)
  eden space 65024K, 40% used [0x000000076b600000,0x000000076cf8ca70,0x000000076f580000)
  from space 10752K, 40% used [0x0000000770000000,0x000000077044e140,0x0000000770a80000)
  to   space 10752K, 0% used [0x000000076f580000,0x000000076f580000,0x0000000770000000)
 ParOldGen       total 104448K, used 7289K [0x00000006c2200000, 0x00000006c8800000, 0x000000076b600000)
  object space 104448K, 6% used [0x00000006c2200000,0x00000006c291e420,0x00000006c8800000)
 Metaspace       used 25198K, capacity 25560K, committed 25728K, reserved 1071104K
  class space    used 3080K, capacity 3183K, committed 3200K, reserved 1048576K

Card table byte_map: [0x0000000011fa0000,0x0000000012790000] byte_map_base: 0x000000000e98f000

Marking Bits: (ParMarkBitMap*) 0x0000000059b908c0
 Begin Bits: [0x00000000132e0000, 0x0000000017258000)
 End Bits:   [0x0000000017258000, 0x000000001b1d0000)

Polling page: 0x00000000003f0000

CodeCache: size=245760Kb used=10230Kb max_used=10230Kb free=235529Kb
 bounds [0x0000000002be0000, 0x00000000035f0000, 0x0000000011be0000]
 total_blobs=2965 nmethods=2597 adapters=288
 compilation: enabled

Compilation events (10 events):
Event: 2.202 Thread 0x000000001e081000 2595       3       java.util.Collections::singleton (9 bytes)
Event: 2.202 Thread 0x000000001e081000 nmethod 2595 0x00000000035d8f90 code [0x00000000035d9100, 0x00000000035d9410]
Event: 2.202 Thread 0x000000001e081000 2596       3       java.util.Collections$SingletonSet::<init> (10 bytes)
Event: 2.202 Thread 0x000000001e081000 nmethod 2596 0x00000000035dedd0 code [0x00000000035def40, 0x00000000035df1d0]
Event: 2.202 Thread 0x000000001e081000 2597       3       java.util.Collections$SingletonSet::iterator (8 bytes)
Event: 2.202 Thread 0x000000001e081000 nmethod 2597 0x00000000035de810 code [0x00000000035de980, 0x00000000035dec70]
Event: 2.202 Thread 0x000000001e081000 2599       3       org.springframework.core.convert.converter.GenericConverter$ConvertiblePair::<init> (27 bytes)
Event: 2.202 Thread 0x000000001e081000 nmethod 2599 0x00000000035ddf10 code [0x00000000035de0c0, 0x00000000035de578]
Event: 2.202 Thread 0x000000001e081000 2601       3       org.springframework.core.convert.support.GenericConversionService::addConverter (13 bytes)
Event: 2.203 Thread 0x000000001e081000 nmethod 2601 0x00000000035e1290 code [0x00000000035e1420, 0x00000000035e1718]

GC Heap History (10 events):
Event: 0.654 GC heap before
{Heap before GC invocations=1 (full 0):
 PSYoungGen      total 75776K, used 65024K [0x000000076b600000, 0x0000000770a80000, 0x00000007c0000000)
  eden space 65024K, 100% used [0x000000076b600000,0x000000076f580000,0x000000076f580000)
  from space 10752K, 0% used [0x0000000770000000,0x0000000770000000,0x0000000770a80000)
  to   space 10752K, 0% used [0x000000076f580000,0x000000076f580000,0x0000000770000000)
 ParOldGen       total 173568K, used 0K [0x00000006c2200000, 0x00000006ccb80000, 0x000000076b600000)
  object space 173568K, 0% used [0x00000006c2200000,0x00000006c2200000,0x00000006ccb80000)
 Metaspace       used 11353K, capacity 11510K, committed 11776K, reserved 1058816K
  class space    used 1393K, capacity 1431K, committed 1536K, reserved 1048576K
Event: 0.660 GC heap after
Heap after GC invocations=1 (full 0):
 PSYoungGen      total 75776K, used 7398K [0x000000076b600000, 0x0000000770a80000, 0x00000007c0000000)
  eden space 65024K, 0% used [0x000000076b600000,0x000000076b600000,0x000000076f580000)
  from space 10752K, 68% used [0x000000076f580000,0x000000076fcb9b90,0x0000000770000000)
  to   space 10752K, 0% used [0x0000000770000000,0x0000000770000000,0x0000000770a80000)
 ParOldGen       total 173568K, used 8K [0x00000006c2200000, 0x00000006ccb80000, 0x000000076b600000)
  object space 173568K, 0% used [0x00000006c2200000,0x00000006c2202000,0x00000006ccb80000)
 Metaspace       used 11353K, capacity 11510K, committed 11776K, reserved 1058816K
  class space    used 1393K, capacity 1431K, committed 1536K, reserved 1048576K
}
Event: 1.086 GC heap before
{Heap before GC invocations=2 (full 0):
 PSYoungGen      total 75776K, used 72422K [0x000000076b600000, 0x0000000770a80000, 0x00000007c0000000)
  eden space 65024K, 100% used [0x000000076b600000,0x000000076f580000,0x000000076f580000)
  from space 10752K, 68% used [0x000000076f580000,0x000000076fcb9b90,0x0000000770000000)
  to   space 10752K, 0% used [0x0000000770000000,0x0000000770000000,0x0000000770a80000)
 ParOldGen       total 173568K, used 8K [0x00000006c2200000, 0x00000006ccb80000, 0x000000076b600000)
  object space 173568K, 0% used [0x00000006c2200000,0x00000006c2202000,0x00000006ccb80000)
 Metaspace       used 18109K, capacity 18322K, committed 18688K, reserved 1064960K
  class space    used 2193K, capacity 2225K, committed 2304K, reserved 1048576K
Event: 1.099 GC heap after
Heap after GC invocations=2 (full 0):
 PSYoungGen      total 75776K, used 9138K [0x000000076b600000, 0x0000000770a80000, 0x00000007c0000000)
  eden space 65024K, 0% used [0x000000076b600000,0x000000076b600000,0x000000076f580000)
  from space 10752K, 84% used [0x0000000770000000,0x00000007708eca18,0x0000000770a80000)
  to   space 10752K, 0% used [0x000000076f580000,0x000000076f580000,0x0000000770000000)
 ParOldGen       total 173568K, used 80K [0x00000006c2200000, 0x00000006ccb80000, 0x000000076b600000)
  object space 173568K, 0% used [0x00000006c2200000,0x00000006c2214010,0x00000006ccb80000)
 Metaspace       used 18109K, capacity 18322K, committed 18688K, reserved 1064960K
  class space    used 2193K, capacity 2225K, committed 2304K, reserved 1048576K
}
Event: 1.327 GC heap before
{Heap before GC invocations=3 (full 0):
 PSYoungGen      total 75776K, used 59135K [0x000000076b600000, 0x0000000770a80000, 0x00000007c0000000)
  eden space 65024K, 76% used [0x000000076b600000,0x000000076e6d3378,0x000000076f580000)
  from space 10752K, 84% used [0x0000000770000000,0x00000007708eca18,0x0000000770a80000)
  to   space 10752K, 0% used [0x000000076f580000,0x000000076f580000,0x0000000770000000)
 ParOldGen       total 173568K, used 80K [0x00000006c2200000, 0x00000006ccb80000, 0x000000076b600000)
  object space 173568K, 0% used [0x00000006c2200000,0x00000006c2214010,0x00000006ccb80000)
 Metaspace       used 20786K, capacity 21086K, committed 21296K, reserved 1069056K
  class space    used 2519K, capacity 2614K, committed 2688K, reserved 1048576K
Event: 1.333 GC heap after
Heap after GC invocations=3 (full 0):
 PSYoungGen      total 75776K, used 7364K [0x000000076b600000, 0x0000000770a80000, 0x00000007c0000000)
  eden space 65024K, 0% used [0x000000076b600000,0x000000076b600000,0x000000076f580000)
  from space 10752K, 68% used [0x000000076f580000,0x000000076fcb1268,0x0000000770000000)
  to   space 10752K, 0% used [0x0000000770000000,0x0000000770000000,0x0000000770a80000)
 ParOldGen       total 173568K, used 88K [0x00000006c2200000, 0x00000006ccb80000, 0x000000076b600000)
  object space 173568K, 0% used [0x00000006c2200000,0x00000006c2216010,0x00000006ccb80000)
 Metaspace       used 20786K, capacity 21086K, committed 21296K, reserved 1069056K
  class space    used 2519K, capacity 2614K, committed 2688K, reserved 1048576K
}
Event: 1.333 GC heap before
{Heap before GC invocations=4 (full 1):
 PSYoungGen      total 75776K, used 7364K [0x000000076b600000, 0x0000000770a80000, 0x00000007c0000000)
  eden space 65024K, 0% used [0x000000076b600000,0x000000076b600000,0x000000076f580000)
  from space 10752K, 68% used [0x000000076f580000,0x000000076fcb1268,0x0000000770000000)
  to   space 10752K, 0% used [0x0000000770000000,0x0000000770000000,0x0000000770a80000)
 ParOldGen       total 173568K, used 88K [0x00000006c2200000, 0x00000006ccb80000, 0x000000076b600000)
  object space 173568K, 0% used [0x00000006c2200000,0x00000006c2216010,0x00000006ccb80000)
 Metaspace       used 20786K, capacity 21086K, committed 21296K, reserved 1069056K
  class space    used 2519K, capacity 2614K, committed 2688K, reserved 1048576K
Event: 1.358 GC heap after
Heap after GC invocations=4 (full 1):
 PSYoungGen      total 75776K, used 0K [0x000000076b600000, 0x0000000770a80000, 0x00000007c0000000)
  eden space 65024K, 0% used [0x000000076b600000,0x000000076b600000,0x000000076f580000)
  from space 10752K, 0% used [0x000000076f580000,0x000000076f580000,0x0000000770000000)
  to   space 10752K, 0% used [0x0000000770000000,0x0000000770000000,0x0000000770a80000)
 ParOldGen       total 104448K, used 7281K [0x00000006c2200000, 0x00000006c8800000, 0x000000076b600000)
  object space 104448K, 6% used [0x00000006c2200000,0x00000006c291c420,0x00000006c8800000)
 Metaspace       used 20786K, capacity 21086K, committed 21296K, reserved 1069056K
  class space    used 2519K, capacity 2614K, committed 2688K, reserved 1048576K
}
Event: 1.873 GC heap before
{Heap before GC invocations=5 (full 1):
 PSYoungGen      total 75776K, used 65024K [0x000000076b600000, 0x0000000770a80000, 0x00000007c0000000)
  eden space 65024K, 100% used [0x000000076b600000,0x000000076f580000,0x000000076f580000)
  from space 10752K, 0% used [0x000000076f580000,0x000000076f580000,0x0000000770000000)
  to   space 10752K, 0% used [0x0000000770000000,0x0000000770000000,0x0000000770a80000)
 ParOldGen       total 104448K, used 7281K [0x00000006c2200000, 0x00000006c8800000, 0x000000076b600000)
  object space 104448K, 6% used [0x00000006c2200000,0x00000006c291c420,0x00000006c8800000)
 Metaspace       used 23967K, capacity 24306K, committed 24576K, reserved 1071104K
  class space    used 2918K, capacity 3022K, committed 3072K, reserved 1048576K
Event: 1.894 GC heap after
Heap after GC invocations=5 (full 1):
 PSYoungGen      total 75776K, used 4408K [0x000000076b600000, 0x0000000770a80000, 0x00000007c0000000)
  eden space 65024K, 0% used [0x000000076b600000,0x000000076b600000,0x000000076f580000)
  from space 10752K, 40% used [0x0000000770000000,0x000000077044e140,0x0000000770a80000)
  to   space 10752K, 0% used [0x000000076f580000,0x000000076f580000,0x0000000770000000)
 ParOldGen       total 104448K, used 7289K [0x00000006c2200000, 0x00000006c8800000, 0x000000076b600000)
  object space 104448K, 6% used [0x00000006c2200000,0x00000006c291e420,0x00000006c8800000)
 Metaspace       used 23967K, capacity 24306K, committed 24576K, reserved 1071104K
  class space    used 2918K, capacity 3022K, committed 3072K, reserved 1048576K
}

Deoptimization events (10 events):
Event: 1.545 Thread 0x0000000002ae5000 Uncommon trap: reason=unstable_if action=reinterpret pc=0x0000000003131b4c method=sun.instrument.TransformerManager.transform(Ljava/lang/ClassLoader;Ljava/lang/String;Ljava/lang/Class;Ljava/security/ProtectionDomain;[B)[B @ 64
Event: 1.567 Thread 0x0000000002ae5000 Uncommon trap: reason=unstable_if action=reinterpret pc=0x0000000002f94b20 method=java.util.concurrent.ConcurrentHashMap.putVal(Ljava/lang/Object;Ljava/lang/Object;Z)Ljava/lang/Object; @ 206
Event: 1.612 Thread 0x0000000002ae5000 Uncommon trap: reason=unstable_if action=reinterpret pc=0x000000000333d5e0 method=java.util.LinkedList.node(I)Ljava/util/LinkedList$Node; @ 49
Event: 1.629 Thread 0x0000000002ae5000 Uncommon trap: reason=unstable_if action=reinterpret pc=0x000000000347ef1c method=org.springframework.asm.Frame.push(I)V @ 26
Event: 1.684 Thread 0x0000000002ae5000 Uncommon trap: reason=unstable_if action=reinterpret pc=0x000000000338c894 method=java.lang.reflect.Method.equals(Ljava/lang/Object;)Z @ 1
Event: 1.688 Thread 0x0000000002ae5000 Uncommon trap: reason=unstable_if action=reinterpret pc=0x000000000344bd70 method=org.springframework.asm.Type.getArgumentTypes(Ljava/lang/String;)[Lorg/springframework/asm/Type; @ 58
Event: 1.688 Thread 0x0000000002ae5000 Uncommon trap: reason=unstable_if action=reinterpret pc=0x0000000002fdfb84 method=java.util.concurrent.ConcurrentHashMap.get(Ljava/lang/Object;)Ljava/lang/Object; @ 76
Event: 1.714 Thread 0x0000000002ae5000 Uncommon trap: reason=unstable_if action=reinterpret pc=0x0000000003471f18 method=org.springframework.asm.Type.getArgumentsAndReturnSizes(Ljava/lang/String;)I @ 88
Event: 1.769 Thread 0x0000000002ae5000 Uncommon trap: reason=unstable_if action=reinterpret pc=0x0000000003512a68 method=org.springframework.asm.Type.getArgumentsAndReturnSizes(Ljava/lang/String;)I @ 88
Event: 2.026 Thread 0x0000000002ae5000 Uncommon trap: reason=unstable_if action=reinterpret pc=0x00000000035d7de4 method=java.util.concurrent.ConcurrentHashMap.get(Ljava/lang/Object;)Ljava/lang/Object; @ 152

Classes redefined (0 events):
No events

Internal exceptions (10 events):
Event: 2.016 Thread 0x0000000002ae5000 Exception <a 'java/lang/ClassNotFoundException': org/springframework/boot/autoconfigure/websocket/WebSocketAutoConfiguration$TomcatWebSocketConfiguration$$EnhancerBySpringCGLIB$$62295d41Customizer> (0x000000076c40cb10) thrown at [C:\re\workspace\8-2-build
Event: 2.016 Thread 0x0000000002ae5000 Exception <a 'java/lang/ClassNotFoundException': org/springframework/context/annotation/ConfigurationClassEnhancer$EnhancedConfigurationCustomizer> (0x000000076c42f480) thrown at [C:\re\workspace\8-2-build-windows-amd64-cygwin\jdk8u171\10807\hotspot\src\s
Event: 2.021 Thread 0x0000000002ae5000 Exception <a 'java/lang/ClassNotFoundException': org/springframework/boot/autoconfigure/websocket/TomcatWebSocketContainerCustomizerBeanInfo> (0x000000076c4d7b18) thrown at [C:\re\workspace\8-2-build-windows-amd64-cygwin\jdk8u171\10807\hotspot\src\share\v
Event: 2.021 Thread 0x0000000002ae5000 Exception <a 'java/lang/ClassNotFoundException': org/springframework/boot/autoconfigure/websocket/WebSocketContainerCustomizerBeanInfo> (0x000000076c4effe0) thrown at [C:\re\workspace\8-2-build-windows-amd64-cygwin\jdk8u171\10807\hotspot\src\share\vm\clas
Event: 2.022 Thread 0x0000000002ae5000 Exception <a 'java/lang/ClassNotFoundException': org/springframework/boot/autoconfigure/websocket/WebSocketContainerCustomizerCustomizer> (0x000000076c5087f8) thrown at [C:\re\workspace\8-2-build-windows-amd64-cygwin\jdk8u171\10807\hotspot\src\share\vm\cl
Event: 2.023 Thread 0x0000000002ae5000 Exception <a 'java/lang/ClassNotFoundException': org/springframework/boot/autoconfigure/websocket/TomcatWebSocketContainerCustomizerCustomizer> (0x000000076c5254f8) thrown at [C:\re\workspace\8-2-build-windows-amd64-cygwin\jdk8u171\10807\hotspot\src\share
Event: 2.025 Thread 0x0000000002ae5000 Exception <a 'java/lang/ClassNotFoundException': org/springframework/boot/context/embedded/EmbeddedServletContainerCustomizerCustomizer> (0x000000076c5421a8) thrown at [C:\re\workspace\8-2-build-windows-amd64-cygwin\jdk8u171\10807\hotspot\src\share\vm\cla
Event: 2.025 Thread 0x0000000002ae5000 Exception <a 'java/lang/ClassNotFoundException': org/springframework/core/OrderedCustomizer> (0x000000076c551b18) thrown at [C:\re\workspace\8-2-build-windows-amd64-cygwin\jdk8u171\10807\hotspot\src\share\vm\classfile\systemDictionary.cpp, line 210]
Event: 2.045 Thread 0x0000000002ae5000 Exception <a 'java/lang/ClassNotFoundException': org/springframework/boot/autoconfigure/web/HttpEncodingPropertiesBeanInfo> (0x000000076c58b740) thrown at [C:\re\workspace\8-2-build-windows-amd64-cygwin\jdk8u171\10807\hotspot\src\share\vm\classfile\system
Event: 2.047 Thread 0x0000000002ae5000 Exception <a 'java/lang/ClassNotFoundException': org/springframework/boot/autoconfigure/web/HttpEncodingPropertiesCustomizer> (0x000000076c5a2400) thrown at [C:\re\workspace\8-2-build-windows-amd64-cygwin\jdk8u171\10807\hotspot\src\share\vm\classfile\syst

Events (10 events):
Event: 2.201 Thread 0x0000000002ae5000 DEOPT PACKING pc=0x00000000032e0b00 sp=0x000000000249ae10
Event: 2.201 Thread 0x0000000002ae5000 DEOPT UNPACKING pc=0x0000000002c27890 sp=0x000000000249ab08 mode 1
Event: 2.201 Thread 0x0000000002ae5000 DEOPT PACKING pc=0x0000000002f3e36c sp=0x000000000249b770
Event: 2.201 Thread 0x0000000002ae5000 DEOPT UNPACKING pc=0x0000000002c27890 sp=0x000000000249b4e8 mode 1
Event: 2.201 loading class org/hibernate/validator/internal/util/logging/Log_$logger_zh
Event: 2.201 loading class org/hibernate/validator/internal/util/logging/Log_$logger_zh done
Event: 2.201 Thread 0x0000000002ae5000 DEOPT PACKING pc=0x00000000032e0b00 sp=0x000000000249ae10
Event: 2.201 Thread 0x0000000002ae5000 DEOPT UNPACKING pc=0x0000000002c27890 sp=0x000000000249ab08 mode 1
Event: 2.201 Thread 0x0000000002ae5000 DEOPT PACKING pc=0x0000000002f3e36c sp=0x000000000249b770
Event: 2.201 Thread 0x0000000002ae5000 DEOPT UNPACKING pc=0x0000000002c27890 sp=0x000000000249b4e8 mode 1


Dynamic libraries:
0x00007ff640550000 - 0x00007ff640587000 	D:\work\Java\jdk1.8.0_171\bin\java.exe
0x00007fff5a460000 - 0x00007fff5a650000 	C:\WINDOWS\SYSTEM32\ntdll.dll
0x00007fff58510000 - 0x00007fff585c2000 	C:\WINDOWS\System32\KERNEL32.DLL
0x00007fff57f80000 - 0x00007fff58223000 	C:\WINDOWS\System32\KERNELBASE.dll
0x00007fff58630000 - 0x00007fff586d3000 	C:\WINDOWS\System32\ADVAPI32.dll
0x00007fff58b60000 - 0x00007fff58bfe000 	C:\WINDOWS\System32\msvcrt.dll
0x00007fff59e30000 - 0x00007fff59ec7000 	C:\WINDOWS\System32\sechost.dll
0x00007fff58e50000 - 0x00007fff58f70000 	C:\WINDOWS\System32\RPCRT4.dll
0x00007fff597b0000 - 0x00007fff59944000 	C:\WINDOWS\System32\USER32.dll
0x00007fff57b70000 - 0x00007fff57b91000 	C:\WINDOWS\System32\win32u.dll
0x00007fff58d60000 - 0x00007fff58d86000 	C:\WINDOWS\System32\GDI32.dll
0x00007fff57de0000 - 0x00007fff57f74000 	C:\WINDOWS\System32\gdi32full.dll
0x00007fff57d40000 - 0x00007fff57dde000 	C:\WINDOWS\System32\msvcp_win.dll
0x00007fff58230000 - 0x00007fff5832a000 	C:\WINDOWS\System32\ucrtbase.dll
0x00007fff4af60000 - 0x00007fff4b1e5000 	C:\WINDOWS\WinSxS\amd64_microsoft.windows.common-controls_6595b64144ccf1df_6.0.18362.418_none_e6c6b287130d565d\COMCTL32.dll
0x00007fff58820000 - 0x00007fff58b56000 	C:\WINDOWS\System32\combase.dll
0x00007fff583e0000 - 0x00007fff58460000 	C:\WINDOWS\System32\bcryptPrimitives.dll
0x00007fff5a320000 - 0x00007fff5a34e000 	C:\WINDOWS\System32\IMM32.DLL
0x0000000059c10000 - 0x0000000059ce2000 	D:\work\Java\jdk1.8.0_171\jre\bin\msvcr100.dll
0x0000000059370000 - 0x0000000059c10000 	D:\work\Java\jdk1.8.0_171\jre\bin\server\jvm.dll
0x00007fff59fa0000 - 0x00007fff59fa8000 	C:\WINDOWS\System32\PSAPI.DLL
0x00007fff409b0000 - 0x00007fff409b9000 	C:\WINDOWS\SYSTEM32\WSOCK32.dll
0x00007fff59950000 - 0x00007fff599bf000 	C:\WINDOWS\System32\WS2_32.dll
0x00007fff4c210000 - 0x00007fff4c21a000 	C:\WINDOWS\SYSTEM32\VERSION.dll
0x00007fff552e0000 - 0x00007fff55304000 	C:\WINDOWS\SYSTEM32\WINMM.dll
0x00007fff552b0000 - 0x00007fff552dd000 	C:\WINDOWS\SYSTEM32\winmmbase.dll
0x00007fff58390000 - 0x00007fff583da000 	C:\WINDOWS\System32\cfgmgr32.dll
0x0000000059360000 - 0x000000005936f000 	D:\work\Java\jdk1.8.0_171\jre\bin\verify.dll
0x0000000059330000 - 0x0000000059359000 	D:\work\Java\jdk1.8.0_171\jre\bin\java.dll
0x0000000059280000 - 0x00000000592b5000 	D:\work\Java\jdk1.8.0_171\jre\bin\jdwp.dll
0x0000000059270000 - 0x0000000059278000 	D:\work\Java\jdk1.8.0_171\jre\bin\npt.dll
0x0000000059240000 - 0x0000000059263000 	D:\work\Java\jdk1.8.0_171\jre\bin\instrument.dll
0x0000000059310000 - 0x0000000059326000 	D:\work\Java\jdk1.8.0_171\jre\bin\zip.dll
0x00007fff58f70000 - 0x00007fff59655000 	C:\WINDOWS\System32\SHELL32.dll
0x00007fff5a160000 - 0x00007fff5a209000 	C:\WINDOWS\System32\shcore.dll
0x00007fff573f0000 - 0x00007fff57b6f000 	C:\WINDOWS\System32\windows.storage.dll
0x00007fff57340000 - 0x00007fff5735f000 	C:\WINDOWS\System32\profapi.dll
0x00007fff57360000 - 0x00007fff573aa000 	C:\WINDOWS\System32\powrprof.dll
0x00007fff57330000 - 0x00007fff57340000 	C:\WINDOWS\System32\UMPDC.dll
0x00007fff58df0000 - 0x00007fff58e42000 	C:\WINDOWS\System32\shlwapi.dll
0x00007fff573d0000 - 0x00007fff573e1000 	C:\WINDOWS\System32\kernel.appcore.dll
0x00007fff57ba0000 - 0x00007fff57bb7000 	C:\WINDOWS\System32\cryptsp.dll
0x0000000059230000 - 0x0000000059239000 	D:\work\Java\jdk1.8.0_171\jre\bin\dt_socket.dll
0x00007fff56ba0000 - 0x00007fff56c07000 	C:\WINDOWS\system32\mswsock.dll
0x00000000592c0000 - 0x00000000592cd000 	D:\work\Java\jdk1.8.0_171\jre\bin\management.dll
0x00000000592f0000 - 0x000000005930a000 	D:\work\Java\jdk1.8.0_171\jre\bin\net.dll
0x00007fff37520000 - 0x00007fff37536000 	C:\WINDOWS\system32\napinsp.dll
0x00007fff37500000 - 0x00007fff3751a000 	C:\WINDOWS\system32\pnrpnsp.dll
0x00007fff568f0000 - 0x00007fff569ba000 	C:\WINDOWS\SYSTEM32\DNSAPI.dll
0x00007fff5a2a0000 - 0x00007fff5a2a8000 	C:\WINDOWS\System32\NSI.dll
0x00007fff568b0000 - 0x00007fff568ea000 	C:\WINDOWS\SYSTEM32\IPHLPAPI.DLL
0x00007fff39600000 - 0x00007fff3960e000 	C:\WINDOWS\System32\winrnr.dll
0x00007fff53b90000 - 0x00007fff53bac000 	C:\WINDOWS\system32\NLAapi.dll
0x00007fff39640000 - 0x00007fff39655000 	C:\WINDOWS\system32\wshbth.dll
0x00007fff4d330000 - 0x00007fff4d33a000 	C:\Windows\System32\rasadhlp.dll
0x00007fff50d50000 - 0x00007fff50dc7000 	C:\WINDOWS\System32\fwpuclnt.dll
0x00007fff57d10000 - 0x00007fff57d36000 	C:\WINDOWS\System32\bcrypt.dll
0x00000000592d0000 - 0x00000000592e1000 	D:\work\Java\jdk1.8.0_171\jre\bin\nio.dll

VM Arguments:
jvm_args: -agentlib:jdwp=transport=dt_socket,address=127.0.0.1:55787,suspend=y,server=n -Dvisualvm.id=1536286707615600 -javaagent:C:\Users\merry\.IntelliJIdea2019.2\system\captureAgent\debugger-agent.jar -Dfile.encoding=UTF-8 
java_command: com.study.thread.ThreadApplication
java_class_path (initial): D:\work\Java\jdk1.8.0_171\jre\lib\charsets.jar;D:\work\Java\jdk1.8.0_171\jre\lib\deploy.jar;D:\work\Java\jdk1.8.0_171\jre\lib\ext\access-bridge-64.jar;D:\work\Java\jdk1.8.0_171\jre\lib\ext\cldrdata.jar;D:\work\Java\jdk1.8.0_171\jre\lib\ext\dnsns.jar;D:\work\Java\jdk1.8.0_171\jre\lib\ext\jaccess.jar;D:\work\Java\jdk1.8.0_171\jre\lib\ext\jfxrt.jar;D:\work\Java\jdk1.8.0_171\jre\lib\ext\localedata.jar;D:\work\Java\jdk1.8.0_171\jre\lib\ext\nashorn.jar;D:\work\Java\jdk1.8.0_171\jre\lib\ext\sunec.jar;D:\work\Java\jdk1.8.0_171\jre\lib\ext\sunjce_provider.jar;D:\work\Java\jdk1.8.0_171\jre\lib\ext\sunmscapi.jar;D:\work\Java\jdk1.8.0_171\jre\lib\ext\sunpkcs11.jar;D:\work\Java\jdk1.8.0_171\jre\lib\ext\zipfs.jar;D:\work\Java\jdk1.8.0_171\jre\lib\javaws.jar;D:\work\Java\jdk1.8.0_171\jre\lib\jce.jar;D:\work\Java\jdk1.8.0_171\jre\lib\jfr.jar;D:\work\Java\jdk1.8.0_171\jre\lib\jfxswt.jar;D:\work\Java\jdk1.8.0_171\jre\lib\jsse.jar;D:\work\Java\jdk1.8.0_171\jre\lib\management-agent.jar;D:\work\Java\jdk1.8.0_171\jre\lib\plugin.jar;D:\work\Java\jdk1.8.0_171\jre\lib\resources.jar;D:\work\Java\jdk1.8.0_171\jre\lib\rt.jar;D:\github\com.merry.tool\com.merry.tool\SpringBoot-Thread\target\classes;D:\document\repository\org\springframework\boot\spring-boot-starter-web\1.5.9.RELEASE\spring-boot-starter-web-1.5.9.RELEASE.jar;D:\document\repository\org\springframework\boot\spring-boot-starter\1.5.9.RELEASE\spring-boot-starter-1.5.9.RELEASE.jar;D:\document\repository\org\springframework\boot\spring-boot\1.5.9.RELEASE\spring-boot-1.5.9.RELEASE.jar;D:\document\repository\org\springframework\boot\spring-boot-starter-logging\1.5.9.RELEASE\spring-boot-starter-logging-1.5.9.RELEASE.jar;D:\document\repository\ch\qos\logback\logback-classic\1.1.11\logback-classic-1.1.11.jar;D:\document\repository\ch\qos\logback\logback-core\1.1.11\logback-core-1.1.11.jar;D:\document\repository\org\slf4j\jcl-over-slf4j\1.7.25\jcl-over-slf4j-1.7.25.jar;D:\document\repository\org\slf4j\jul-to-slf4
Launcher Type: SUN_STANDARD

Environment Variables:
JAVA_HOME=D:\work\Java\jdk1.8.0_171
PATH=C:\Program Files (x86)\Common Files\Oracle\Java\javapath;C:\WINDOWS\system32;C:\WINDOWS;C:\WINDOWS\System32\Wbem;C:\WINDOWS\System32\WindowsPowerShell\v1.0\;C:\WINDOWS\System32\OpenSSH\;D:\work\Git\cmd;D:\work\Java\jdk1.8.0_171\bin;D:\work\apache-maven-3.5.4\bin;D:\IMAG\apache-tomcat-7.0.96\bin;C:\Program Files\nodejs\;D:\work\svn\bin;E:\BaiduNetdiskDownload\gradle-2.0-all\gradle-2.0-all\bin;C:\Users\merry\AppData\Local\Microsoft\WindowsApps;C:\Users\merry\AppData\Local\BypassRuntm;D:\work\Fiddler;C:\Users\merry\AppData\Roaming\npm;C:\Users\merry\AppData\Local\Microsoft\WindowsApps;
USERNAME=merry
OS=Windows_NT
PROCESSOR_IDENTIFIER=Intel64 Family 6 Model 158 Stepping 10, GenuineIntel



---------------  S Y S T E M  ---------------

OS: Windows 10.0 , 64 bit Build 18362 (10.0.18362.329)

CPU:total 6 (initial active 6) (6 cores per cpu, 1 threads per core) family 6 model 158 stepping 10, cmov, cx8, fxsr, mmx, sse, sse2, sse3, ssse3, sse4.1, sse4.2, popcnt, avx, avx2, aes, clmul, erms, 3dnowpref, lzcnt, tsc, tscinvbit, bmi1, bmi2, adx

Memory: 4k page, physical 16635348k(5327812k free), swap 32580476k(5488k free)

vm_info: Java HotSpot(TM) 64-Bit Server VM (25.171-b11) for windows-amd64 JRE (1.8.0_171-b11), built on Mar 28 2018 16:06:12 by "java_re" with MS VC++ 10.0 (VS2010)

time: Fri Nov 08 10:25:09 2019
elapsed time: 2 seconds (0d 0h 0m 2s)

