JvmtiExport can_access_local_variables 1
JvmtiExport can_hotswap_or_post_breakpoint 1
JvmtiExport can_post_on_exceptions 1
# 442 ciObject found
ciMethod java/lang/Object <init> ()V 4097 1 733861 0 96
ciMethod java/lang/Object getClass ()Ljava/lang/Class; 2049 1 256 0 -1
ciMethod java/lang/Object hashCode ()I 4097 1 512 0 -1
ciMethod java/lang/Object equals (Ljava/lang/Object;)Z 2065 1 17076 0 64
ciMethod java/lang/Object clone ()Ljava/lang/Object; 2049 1 256 0 -1
ciMethod java/lang/String equals (Ljava/lang/Object;)Z 3353 16385 4573 0 -1
ciMethod java/lang/String startsWith (Ljava/lang/String;I)Z 4097 5657 6176 0 672
ciMethod java/lang/String startsWith (Ljava/lang/String;)Z 4097 1 145272 0 576
ciMethod java/lang/reflect/AnnotatedElement getDeclaredAnnotations ()[Ljava/lang/annotation/Annotation; 0 0 1 0 -1
ciMethod java/lang/Class isAssignableFrom (Ljava/lang/Class;)Z 2049 1 256 0 -1
ciMethod java/lang/Class isInterface ()Z 2049 1 256 0 -1
ciMethod java/lang/Class isArray ()Z 2049 1 256 0 -1
ciMethod java/lang/Class getName ()Ljava/lang/String; 1513 1 122487 0 96
ciMethod java/lang/Class getName0 ()Ljava/lang/String; 2089 1 261 0 -1
ciMethod java/lang/Class getClassLoader0 ()Ljava/lang/ClassLoader; 1073 1 134 0 -1
ciMethod java/lang/Class getSuperclass ()Ljava/lang/Class; 2049 1 256 0 -1
ciMethod java/lang/Class getInterfaces ()[Ljava/lang/Class; 121 1 8787 0 1824
ciMethod java/lang/Class getInterfaces0 ()[Ljava/lang/Class; 2057 1 257 0 -1
ciMethod java/lang/Class getMethods ()[Ljava/lang/reflect/Method; 649 1 1874 0 0
ciMethod java/lang/Class getDeclaredMethods ()[Ljava/lang/reflect/Method; 737 1 1121 0 0
ciMethod java/lang/Class checkMemberAccess (ILjava/lang/Class;Z)V 2073 1 5449 0 96
ciMethod java/lang/Class checkPackageAccess (Ljava/lang/ClassLoader;Z)V 129 1 108 0 -1
ciMethod java/lang/Class reflectionData ()Ljava/lang/Class$ReflectionData; 2057 1 13026 0 1504
ciMethod java/lang/Class newReflectionData (Ljava/lang/ref/SoftReference;I)Ljava/lang/Class$ReflectionData; 593 1 940 0 0
ciMethod java/lang/Class privateGetDeclaredMethods (Z)[Ljava/lang/reflect/Method; 2081 1 9590 0 0
ciMethod java/lang/Class privateGetPublicMethods ()[Ljava/lang/reflect/Method; 1193 3793 2481 0 0
ciMethod java/lang/Class arrayContentsEq ([Ljava/lang/Object;[Ljava/lang/Object;)Z 2081 993 5428 0 0
ciMethod java/lang/Class copyMethods ([Ljava/lang/reflect/Method;)[Ljava/lang/reflect/Method; 1329 6817 2616 0 2272
ciMethod java/lang/Class getDeclaredMethods0 (Z)[Ljava/lang/reflect/Method; 2057 1 257 0 -1
ciMethod java/lang/Class getReflectionFactory ()Lsun/reflect/ReflectionFactory; 3081 1 7845 0 -1
ciMethod java/lang/Class checkInitted ()V 3105 1 16161 0 0
ciMethod java/lang/Class access$300 ([Ljava/lang/Object;[Ljava/lang/Object;)Z 0 0 282 0 0
ciMethod java/lang/ClassLoader getClassLoader (Ljava/lang/Class;)Ljava/lang/ClassLoader; 305 1 1883 0 -1
ciMethod java/lang/System getSecurityManager ()Ljava/lang/SecurityManager; 4097 1 55554 0 0
ciMethod java/lang/SecurityManager checkPermission (Ljava/security/Permission;)V 0 0 1 0 -1
ciMethod java/lang/ref/Reference get ()Ljava/lang/Object; 4257 1 532 0 -1
ciMethod java/lang/ref/Reference <init> (Ljava/lang/Object;)V 2177 1 29842 0 0
ciMethod java/lang/ref/Reference <init> (Ljava/lang/Object;Ljava/lang/ref/ReferenceQueue;)V 4097 1 44868 0 128
ciMethod java/lang/ref/SoftReference <init> (Ljava/lang/Object;)V 2441 1 7212 0 0
ciMethod java/lang/ref/SoftReference get ()Ljava/lang/Object; 2145 1 37786 0 96
ciMethod java/util/Map get (Ljava/lang/Object;)Ljava/lang/Object; 0 0 1 0 -1
ciMethod java/util/Map put (Ljava/lang/Object;Ljava/lang/Object;)Ljava/lang/Object; 0 0 1 0 -1
ciMethod java/util/Map computeIfAbsent (Ljava/lang/Object;Ljava/util/function/Function;)Ljava/lang/Object; 0 0 1 0 -1
ciMethod java/lang/reflect/Member getDeclaringClass ()Ljava/lang/Class; 0 0 1 0 -1
ciMethod java/lang/reflect/Member getName ()Ljava/lang/String; 0 0 1 0 -1
ciMethod java/lang/reflect/Method getDeclaringClass ()Ljava/lang/Class; 1105 1 138 0 0
ciMethod java/lang/reflect/Method getName ()Ljava/lang/String; 1241 1 155 0 0
ciMethod java/lang/reflect/Method getModifiers ()I 1105 1 138 0 0
ciMethod java/lang/reflect/Method getReturnType ()Ljava/lang/Class; 1137 1 142 0 0
ciMethod java/lang/reflect/Method getParameterTypes ()[Ljava/lang/Class; 2089 1 78442 0 288
ciMethod java/lang/reflect/Method getParameterCount ()I 1105 1 3454 0 -1
ciMethod java/lang/reflect/Method equals (Ljava/lang/Object;)Z 2225 1 14232 0 672
ciMethod java/lang/reflect/Method isBridge ()Z 2073 1 19176 0 -1
ciMethod java/lang/reflect/Method isDefault ()Z 2049 1 18559 0 0
ciMethod java/lang/reflect/Executable equalParamTypes ([Ljava/lang/Class;[Ljava/lang/Class;)Z 1 1 758 0 0
ciMethod java/lang/annotation/Annotation annotationType ()Ljava/lang/Class; 0 0 1 0 -1
ciMethod sun/misc/Unsafe compareAndSwapObject (Ljava/lang/Object;JLjava/lang/Object;Ljava/lang/Object;)Z 4097 1 512 0 -1
ciMethod java/security/AccessController doPrivileged (Ljava/security/PrivilegedAction;)Ljava/lang/Object; 2049 1 256 0 -1
ciMethod java/util/Collection isEmpty ()Z 0 0 1 0 -1
ciMethod java/util/List size ()I 0 0 1 0 -1
ciMethod java/util/List add (Ljava/lang/Object;)Z 0 0 1 0 -1
ciMethod java/util/List addAll (ILjava/util/Collection;)Z 0 0 1 0 -1
ciMethod java/util/List get (I)Ljava/lang/Object; 0 0 1 0 -1
ciMethod sun/reflect/ReflectionFactory copyMethod (Ljava/lang/reflect/Method;)Ljava/lang/reflect/Method; 2057 1 35831 0 -1
ciMethod java/util/ArrayList <init> ()V 1361 1 10246 0 -1
ciMethod java/util/Collections emptySet ()Ljava/util/Set; 465 1 9850 0 0
ciMethod java/util/Collections eq (Ljava/lang/Object;Ljava/lang/Object;)Z 2113 1 5024 0 0
ciMethod java/util/Collections$EmptySet isEmpty ()Z 1305 1 163 0 0
ciMethod java/util/Set size ()I 0 0 1 0 -1
ciMethod java/util/Set isEmpty ()Z 0 0 1 0 -1
ciMethod java/util/Set contains (Ljava/lang/Object;)Z 0 0 1 0 -1
ciMethod java/util/Set iterator ()Ljava/util/Iterator; 0 0 1 0 -1
ciMethod java/util/Set add (Ljava/lang/Object;)Z 0 0 1 0 -1
ciMethod java/util/AbstractSet <init> ()V 385 1 41451 0 -1
ciMethod sun/reflect/Reflection getCallerClass ()Ljava/lang/Class; 2049 1 256 0 -1
ciMethod sun/reflect/Reflection filterMethods (Ljava/lang/Class;[Ljava/lang/reflect/Method;)[Ljava/lang/reflect/Method; 513 1 959 0 0
ciMethod sun/reflect/Reflection filter ([Ljava/lang/reflect/Member;[Ljava/lang/String;)[Ljava/lang/reflect/Member; 689 1 1329 0 0
ciMethod java/util/HashMap hash (Ljava/lang/Object;)I 4097 1 60702 0 160
ciMethod java/util/HashMap <init> ()V 585 1 26114 0 -1
ciMethod java/util/HashMap isEmpty ()Z 2441 1 4826 0 -1
ciMethod java/util/HashMap containsKey (Ljava/lang/Object;)Z 913 1 12701 0 -1
ciMethod java/util/HashMap put (Ljava/lang/Object;Ljava/lang/Object;)Ljava/lang/Object; 3705 1 12596 0 192
ciMethod java/util/HashMap putVal (ILjava/lang/Object;Ljava/lang/Object;ZZ)Ljava/lang/Object; 3737 441 6972 0 2432
ciMethod java/util/HashMap resize ()[Ljava/util/HashMap$Node; 497 6665 1129 0 -1
ciMethod java/util/HashMap treeifyBin ([Ljava/util/HashMap$Node;I)V 0 0 1 0 -1
ciMethod java/util/HashMap keySet ()Ljava/util/Set; 3089 1 1595 0 -1
ciMethod java/util/HashMap newNode (ILjava/lang/Object;Ljava/lang/Object;Ljava/util/HashMap$Node;)Ljava/util/HashMap$Node; 2049 1 5377 0 -1
ciMethod java/util/HashMap afterNodeAccess (Ljava/util/HashMap$Node;)V 2057 1 763 0 -1
ciMethod java/util/HashMap afterNodeInsertion (Z)V 2049 1 1319 0 -1
ciMethod java/lang/Math max (II)I 4097 1 18926 0 -1
ciMethod java/lang/Class$3 <init> ()V 57 1 7 0 -1
ciMethod java/lang/Class$ReflectionData <init> (I)V 1617 1 940 0 0
ciMethod java/lang/Class$Atomic casReflectionData (Ljava/lang/Class;Ljava/lang/ref/SoftReference;Ljava/lang/ref/SoftReference;)Z 1617 1 940 0 0
ciMethod java/lang/reflect/Modifier isPrivate (I)Z 3105 1 5273 0 0
ciMethod java/lang/reflect/Modifier isStatic (I)Z 2113 1 17813 0 64
ciMethod java/lang/reflect/Modifier isAbstract (I)Z 2049 1 4944 0 0
ciMethod java/util/Arrays equals ([Ljava/lang/Object;[Ljava/lang/Object;)Z 3057 10369 4612 0 -1
ciMethod java/util/Arrays copyOf ([Ljava/lang/Object;I)[Ljava/lang/Object; 2137 1 5215 0 0
ciMethod java/util/Arrays copyOf ([Ljava/lang/Object;ILjava/lang/Class;)[Ljava/lang/Object; 2233 1 8296 0 -1
ciMethodData java/lang/Object <init> ()V 2 733861 orig 264 152 98 167 81 0 0 0 0 128 4 138 27 0 0 0 0 32 1 0 0 0 0 0 0 0 0 0 0 0 0 0 0 0 0 0 0 0 0 0 0 0 0 0 0 0 0 0 0 0 0 0 0 0 0 0 0 0 0 0 0 0 0 0 0 0 0 0 0 0 0 0 0 0 0 0 0 0 0 0 0 77 68 79 32 101 120 116 114 97 32 100 97 116 97 32 108 111 99 107 0 0 0 0 0 0 0 0 0 0 0 0 0 0 0 0 0 0 0 0 0 0 0 0 0 0 0 0 0 0 0 0 0 0 0 0 0 0 0 0 0 0 0 0 0 0 0 0 0 0 0 0 0 0 0 0 0 0 0 0 0 0 0 0 0 0 0 0 0 0 0 0 0 0 0 0 0 0 0 0 0 0 0 0 0 0 0 0 0 0 0 0 0 0 0 0 0 0 0 0 0 0 0 0 0 0 0 0 0 0 0 0 0 0 0 0 0 0 2 0 0 41 133 89 0 1 0 0 0 0 0 0 0 0 0 0 0 2 0 0 0 0 0 0 0 0 0 0 0 0 0 0 0 255 255 255 255 0 0 0 0 0 0 0 0 data 0 oops 0
ciMethod java/util/Iterator hasNext ()Z 0 0 1 0 -1
ciMethod java/util/Iterator next ()Ljava/lang/Object; 0 0 1 0 -1
ciMethod java/lang/reflect/Array newInstance (Ljava/lang/Class;I)Ljava/lang/Object; 945 1 7986 0 -1
ciMethod java/util/concurrent/locks/ReentrantLock lock ()V 1009 1 4154 0 -1
ciMethod java/util/concurrent/locks/ReentrantLock unlock ()V 1009 1 4155 0 -1
ciMethod java/util/HashMap$TreeNode putTreeVal (Ljava/util/HashMap;[Ljava/util/HashMap$Node;ILjava/lang/Object;Ljava/lang/Object;)Ljava/util/HashMap$TreeNode; 0 0 1 0 -1
ciMethod java/util/HashSet <init> ()V 353 1 14137 0 0
ciMethod java/util/HashSet iterator ()Ljava/util/Iterator; 2049 1 7412 0 1024
ciMethod java/util/HashSet isEmpty ()Z 2065 1 4275 0 0
ciMethod java/util/HashSet contains (Ljava/lang/Object;)Z 2049 1 15309 0 2112
ciMethod java/util/HashSet add (Ljava/lang/Object;)Z 2057 1 6576 0 576
ciMethodData java/util/HashMap hash (Ljava/lang/Object;)I 2 60702 orig 264 152 98 167 81 0 0 0 0 160 186 152 27 0 0 0 0 176 1 0 0 0 0 0 0 0 0 0 0 0 0 0 0 0 0 0 0 0 0 0 0 0 0 0 0 0 0 0 0 0 0 0 0 0 0 0 0 0 0 0 0 0 0 0 0 0 0 0 0 0 0 0 0 0 0 0 0 0 0 0 0 77 68 79 32 101 120 116 114 97 32 100 97 116 97 32 108 111 99 107 0 0 0 0 0 0 0 0 0 0 0 0 0 0 0 0 0 0 0 0 0 0 0 0 0 0 0 0 0 0 0 0 0 0 0 0 0 0 0 0 0 0 0 0 0 1 0 0 0 1 0 0 0 0 0 0 0 0 0 0 0 0 0 0 0 0 0 0 0 0 0 0 0 0 0 0 0 0 0 0 2 0 0 0 0 0 0 0 0 0 0 0 0 0 0 0 0 0 0 0 0 0 0 0 0 0 0 0 0 0 0 0 0 0 0 0 0 0 2 0 0 241 88 7 0 1 0 0 0 212 68 0 0 0 0 0 0 2 0 0 0 0 0 6 0 2 0 0 0 104 0 0 0 255 255 255 255 7 224 1 0 0 0 0 0 data 13 0x1e007 0xeb1b 0x38 0x5 0x50003 0x5 0x48 0x90005 0x33e7 0x1e57ad40 0xb6b1 0x2a9d6e0 0x82 oops 2